<?xml version="1.0" encoding="UTF-8"?>
<testng-results ignored="0" total="4" passed="3" failed="1" skipped="0">
  <reporter-output>
  </reporter-output>
  <suite started-at="2024-02-09T18:16:33 CST" name="Suite" finished-at="2024-02-09T18:16:54 CST" duration-ms="20913">
    <groups>
    </groups>
    <test started-at="2024-02-09T18:16:33 CST" name="TwoTest" finished-at="2024-02-09T18:16:38 CST" duration-ms="4140">
      <class name="tests.TwoTest">
        <test-method signature="testtwo()[pri:0, instance:tests.TwoTest@1890516e]" started-at="2024-02-09T18:16:33 CST" name="testtwo" finished-at="2024-02-09T18:16:37 CST" duration-ms="4008" status="PASS">
          <reporter-output>
          </reporter-output>
        </test-method> <!-- testtwo -->
        <test-method is-config="true" signature="clos()[pri:0, instance:tests.TwoTest@1890516e]" started-at="2024-02-09T18:16:37 CST" name="clos" finished-at="2024-02-09T18:16:38 CST" duration-ms="100" status="PASS">
          <reporter-output>
          </reporter-output>
        </test-method> <!-- clos -->
      </class> <!-- tests.TwoTest -->
    </test> <!-- TwoTest -->
    <test started-at="2024-02-09T18:16:33 CST" name="ThreeTest" finished-at="2024-02-09T18:16:41 CST" duration-ms="7970">
      <class name="tests.ThreeTest">
        <test-method signature="testthree()[pri:0, instance:tests.ThreeTest@26adfd2d]" started-at="2024-02-09T18:16:33 CST" name="testthree" finished-at="2024-02-09T18:16:41 CST" duration-ms="7660" status="FAIL">
          <exception class="java.lang.AssertionError">
            <full-stacktrace>
              <![CDATA[java.lang.AssertionError
at org.junit.Assert.fail(Assert.java:86)
at org.junit.Assert.fail(Assert.java:95)
at tests.ThreeTest.testthree(ThreeTest.java:22)
at java.base/jdk.internal.reflect.DirectMethodHandleAccessor.invoke(DirectMethodHandleAccessor.java:103)
at java.base/java.lang.reflect.Method.invoke(Method.java:580)
at org.testng.internal.invokers.MethodInvocationHelper.invokeMethod(MethodInvocationHelper.java:139)
at org.testng.internal.invokers.TestInvoker.invokeMethod(TestInvoker.java:664)
at org.testng.internal.invokers.TestInvoker.invokeTestMethod(TestInvoker.java:228)
at org.testng.internal.invokers.MethodRunner.runInSequence(MethodRunner.java:63)
at org.testng.internal.invokers.TestInvoker$MethodInvocationAgent.invoke(TestInvoker.java:961)
at org.testng.internal.invokers.TestInvoker.invokeTestMethods(TestInvoker.java:201)
at org.testng.internal.invokers.TestMethodWorker.invokeTestMethods(TestMethodWorker.java:148)
at org.testng.internal.invokers.TestMethodWorker.run(TestMethodWorker.java:128)
at java.base/java.util.ArrayList.forEach(ArrayList.java:1596)
at org.testng.TestRunner.privateRun(TestRunner.java:819)
at org.testng.TestRunner.run(TestRunner.java:619)
at org.testng.SuiteRunner.runTest(SuiteRunner.java:443)
at org.testng.SuiteRunner$SuiteWorker.run(SuiteRunner.java:481)
at org.testng.internal.thread.ThreadUtil.lambda$execute$0(ThreadUtil.java:58)
at java.base/java.util.concurrent.FutureTask.run(FutureTask.java:317)
at java.base/java.util.concurrent.ThreadPoolExecutor.runWorker(ThreadPoolExecutor.java:1144)
at java.base/java.util.concurrent.ThreadPoolExecutor$Worker.run(ThreadPoolExecutor.java:642)
at java.base/java.lang.Thread.run(Thread.java:1583)
]]>
            </full-stacktrace>
          </exception> <!-- java.lang.AssertionError -->
          <reporter-output>
          </reporter-output>
        </test-method> <!-- testthree -->
        <test-method is-config="true" signature="cl()[pri:0, instance:tests.ThreeTest@26adfd2d]" started-at="2024-02-09T18:16:41 CST" name="cl" finished-at="2024-02-09T18:16:41 CST" duration-ms="98" status="PASS">
          <reporter-output>
          </reporter-output>
        </test-method> <!-- cl -->
      </class> <!-- tests.ThreeTest -->
    </test> <!-- ThreeTest -->
    <test started-at="2024-02-09T18:16:33 CST" name="LoginTest" finished-at="2024-02-09T18:16:54 CST" duration-ms="20913">
      <class name="tests.LoginTest">
        <test-method is-config="true" signature="openbrowser()[pri:0, instance:tests.LoginTest@7f2cfe3f]" started-at="2024-02-09T18:16:33 CST" name="openbrowser" finished-at="2024-02-09T18:16:38 CST" duration-ms="4602" status="PASS">
          <reporter-output>
          </reporter-output>
        </test-method> <!-- openbrowser -->
        <test-method signature="login(java.lang.String,java.lang.String,java.lang.String)[pri:0, instance:tests.LoginTest@7f2cfe3f]" started-at="2024-02-09T18:16:38 CST" name="login" data-provider="getDatalogin" finished-at="2024-02-09T18:16:40 CST" duration-ms="1454" status="PASS">
          <params>
            <param index="0">
              <value>
                <![CDATA[itsdeepthi24@gmail.com]]>
              </value>
            </param>
            <param index="1">
              <value>
                <![CDATA[Test@123]]>
              </value>
            </param>
            <param index="2">
              <value>
                <![CDATA[success]]>
              </value>
            </param>
          </params>
          <reporter-output>
          </reporter-output>
        </test-method> <!-- login -->
        <test-method is-config="true" signature="closure()[pri:0, instance:tests.LoginTest@7f2cfe3f]" started-at="2024-02-09T18:16:40 CST" name="closure" finished-at="2024-02-09T18:16:40 CST" duration-ms="93" status="PASS">
          <reporter-output>
          </reporter-output>
        </test-method> <!-- closure -->
        <test-method is-config="true" signature="openbrowser()[pri:0, instance:tests.LoginTest@7f2cfe3f]" started-at="2024-02-09T18:16:40 CST" name="openbrowser" finished-at="2024-02-09T18:16:43 CST" duration-ms="3500" status="PASS">
          <reporter-output>
          </reporter-output>
        </test-method> <!-- openbrowser -->
        <test-method signature="login(java.lang.String,java.lang.String,java.lang.String)[pri:0, instance:tests.LoginTest@7f2cfe3f]" started-at="2024-02-09T18:16:43 CST" name="login" data-provider="getDatalogin" finished-at="2024-02-09T18:16:54 CST" duration-ms="11109" status="PASS">
          <params>
            <param index="0">
              <value>
                <![CDATA[dummy@test.com]]>
              </value>
            </param>
            <param index="1">
              <value>
                <![CDATA[123456]]>
              </value>
            </param>
            <param index="2">
              <value>
                <![CDATA[failure]]>
              </value>
            </param>
          </params>
          <reporter-output>
          </reporter-output>
        </test-method> <!-- login -->
        <test-method is-config="true" signature="closure()[pri:0, instance:tests.LoginTest@7f2cfe3f]" started-at="2024-02-09T18:16:54 CST" name="closure" finished-at="2024-02-09T18:16:54 CST" duration-ms="130" status="PASS">
          <reporter-output>
          </reporter-output>
        </test-method> <!-- closure -->
      </class> <!-- tests.LoginTest -->
    </test> <!-- LoginTest -->
  </suite> <!-- Suite -->
</testng-results>
